<?xml version="1.0" encoding="UTF-8"?>
<!-- Generated by org.testng.reporters.JUnitReportReporter -->
<testsuite skipped="0" hostname="CGSCLRD49429261" name="com.kw.test.LoginTest" tests="1" failures="0" timestamp="30 Oct 2020 16:01:21 GMT" time="41.485" errors="0">
  <testcase name="logintest" time="41.485" classname="com.kw.test.LoginTest"/>
</testsuite> <!-- com.kw.test.LoginTest -->
