<?xml version="1.0" encoding="UTF-8"?>
<!-- Generated by org.testng.reporters.JUnitReportReporter -->
<testsuite skipped="0" hostname="CGSCLRD49429261" name="com.kw.test.LoginTest" tests="1" failures="0" timestamp="02 Nov 2020 11:56:51 GMT" time="99.540" errors="0">
  <testcase name="logintest" time="99.540" classname="com.kw.test.LoginTest"/>
</testsuite> <!-- com.kw.test.LoginTest -->
